2024-10-03 18:05:48,516 ERROR o.s.b.SpringApplication [main] Application run failed
java.lang.IllegalStateException: java.lang.IllegalStateException: Logback configuration error detected: 
ERROR in ch.qos.logback.core.model.processor.ImplicitModelHandler - Could not create component [timeBasedFileNamingAndTriggeringPolicy] of type [ch.qos.logback.core.rolling.SizeAndTimeBasedFNATP] java.lang.ClassNotFoundException: ch.qos.logback.core.rolling.SizeAndTimeBasedFNATP
	at org.springframework.boot.context.logging.LoggingApplicationListener.initializeSystem(LoggingApplicationListener.java:347)
	at org.springframework.boot.context.logging.LoggingApplicationListener.initialize(LoggingApplicationListener.java:298)
	at org.springframework.boot.context.logging.LoggingApplicationListener.onApplicationEnvironmentPreparedEvent(LoggingApplicationListener.java:246)
	at org.springframework.boot.context.logging.LoggingApplicationListener.onApplicationEvent(LoggingApplicationListener.java:223)
	at org.springframework.context.event.SimpleApplicationEventMulticaster.doInvokeListener(SimpleApplicationEventMulticaster.java:185)
	at org.springframework.context.event.SimpleApplicationEventMulticaster.invokeListener(SimpleApplicationEventMulticaster.java:178)
	at org.springframework.context.event.SimpleApplicationEventMulticaster.multicastEvent(SimpleApplicationEventMulticaster.java:156)
	at org.springframework.context.event.SimpleApplicationEventMulticaster.multicastEvent(SimpleApplicationEventMulticaster.java:138)
	at org.springframework.boot.context.event.EventPublishingRunListener.multicastInitialEvent(EventPublishingRunListener.java:136)
	at org.springframework.boot.context.event.EventPublishingRunListener.environmentPrepared(EventPublishingRunListener.java:81)
	at org.springframework.boot.SpringApplicationRunListeners.lambda$environmentPrepared$2(SpringApplicationRunListeners.java:64)
	at java.base/java.lang.Iterable.forEach(Iterable.java:75)
	at org.springframework.boot.SpringApplicationRunListeners.doWithListeners(SpringApplicationRunListeners.java:118)
	at org.springframework.boot.SpringApplicationRunListeners.doWithListeners(SpringApplicationRunListeners.java:112)
	at org.springframework.boot.SpringApplicationRunListeners.environmentPrepared(SpringApplicationRunListeners.java:63)
	at org.springframework.boot.SpringApplication.prepareEnvironment(SpringApplication.java:370)
	at org.springframework.boot.SpringApplication.run(SpringApplication.java:330)
	at org.springframework.boot.SpringApplication.run(SpringApplication.java:1363)
	at org.springframework.boot.SpringApplication.run(SpringApplication.java:1352)
	at sv.cuong.store_eat.StoreEatApplication.main(StoreEatApplication.java:9)
Caused by: java.lang.IllegalStateException: Logback configuration error detected: 
ERROR in ch.qos.logback.core.model.processor.ImplicitModelHandler - Could not create component [timeBasedFileNamingAndTriggeringPolicy] of type [ch.qos.logback.core.rolling.SizeAndTimeBasedFNATP] java.lang.ClassNotFoundException: ch.qos.logback.core.rolling.SizeAndTimeBasedFNATP
	at org.springframework.boot.logging.logback.LogbackLoggingSystem.reportConfigurationErrorsIfNecessary(LogbackLoggingSystem.java:284)
	at org.springframework.boot.logging.logback.LogbackLoggingSystem.loadConfiguration(LogbackLoggingSystem.java:262)
	at org.springframework.boot.logging.AbstractLoggingSystem.initializeWithConventions(AbstractLoggingSystem.java:81)
	at org.springframework.boot.logging.AbstractLoggingSystem.initialize(AbstractLoggingSystem.java:61)
	at org.springframework.boot.logging.logback.LogbackLoggingSystem.initialize(LogbackLoggingSystem.java:193)
	at org.springframework.boot.context.logging.LoggingApplicationListener.initializeSystem(LoggingApplicationListener.java:332)
	... 19 common frames omitted
	Suppressed: java.lang.ClassNotFoundException: ch.qos.logback.core.rolling.SizeAndTimeBasedFNATP
		at java.base/jdk.internal.loader.BuiltinClassLoader.loadClass(BuiltinClassLoader.java:641)
		at java.base/jdk.internal.loader.ClassLoaders$AppClassLoader.loadClass(ClassLoaders.java:188)
		at java.base/java.lang.ClassLoader.loadClass(ClassLoader.java:525)
		at ch.qos.logback.core.util.Loader.loadClass(Loader.java:132)
		at ch.qos.logback.core.model.processor.ImplicitModelHandler.doComplex(ImplicitModelHandler.java:134)
		at ch.qos.logback.core.model.processor.ImplicitModelHandler.handle(ImplicitModelHandler.java:94)
		at ch.qos.logback.core.model.processor.DefaultProcessor.secondPhaseTraverse(DefaultProcessor.java:241)
		at ch.qos.logback.core.model.processor.DefaultProcessor.secondPhaseTraverse(DefaultProcessor.java:253)
		at ch.qos.logback.core.model.processor.DefaultProcessor.secondPhaseTraverse(DefaultProcessor.java:253)
		at ch.qos.logback.core.model.processor.DefaultProcessor.secondPhaseTraverse(DefaultProcessor.java:253)
		at ch.qos.logback.core.model.processor.DefaultProcessor.traversalLoop(DefaultProcessor.java:90)
		at ch.qos.logback.core.model.processor.DefaultProcessor.process(DefaultProcessor.java:106)
		at ch.qos.logback.core.joran.GenericXMLConfigurator.processModel(GenericXMLConfigurator.java:222)
		at org.springframework.boot.logging.logback.SpringBootJoranConfigurator.processModel(SpringBootJoranConfigurator.java:133)
		at ch.qos.logback.core.joran.GenericXMLConfigurator.doConfigure(GenericXMLConfigurator.java:178)
		at ch.qos.logback.core.joran.GenericXMLConfigurator.doConfigure(GenericXMLConfigurator.java:123)
		at ch.qos.logback.core.joran.GenericXMLConfigurator.doConfigure(GenericXMLConfigurator.java:66)
		at org.springframework.boot.logging.logback.LogbackLoggingSystem.configureByResourceUrl(LogbackLoggingSystem.java:294)
		at org.springframework.boot.logging.logback.LogbackLoggingSystem.lambda$loadConfiguration$1(LogbackLoggingSystem.java:255)
		at org.springframework.boot.logging.logback.LogbackLoggingSystem.withLoggingSuppressed(LogbackLoggingSystem.java:474)
		at org.springframework.boot.logging.logback.LogbackLoggingSystem.loadConfiguration(LogbackLoggingSystem.java:249)
		... 23 common frames omitted
2024-10-03 18:06:02,791 ERROR o.s.b.SpringApplication [main] Application run failed
java.lang.IllegalStateException: java.lang.IllegalStateException: Logback configuration error detected: 
ERROR in ch.qos.logback.core.model.processor.ImplicitModelHandler - Could not create component [timeBasedFileNamingAndTriggeringPolicy] of type [ch.qos.logback.core.rolling.SizeAndTimeBasedFNATP] java.lang.ClassNotFoundException: ch.qos.logback.core.rolling.SizeAndTimeBasedFNATP
	at org.springframework.boot.context.logging.LoggingApplicationListener.initializeSystem(LoggingApplicationListener.java:347)
	at org.springframework.boot.context.logging.LoggingApplicationListener.initialize(LoggingApplicationListener.java:298)
	at org.springframework.boot.context.logging.LoggingApplicationListener.onApplicationEnvironmentPreparedEvent(LoggingApplicationListener.java:246)
	at org.springframework.boot.context.logging.LoggingApplicationListener.onApplicationEvent(LoggingApplicationListener.java:223)
	at org.springframework.context.event.SimpleApplicationEventMulticaster.doInvokeListener(SimpleApplicationEventMulticaster.java:185)
	at org.springframework.context.event.SimpleApplicationEventMulticaster.invokeListener(SimpleApplicationEventMulticaster.java:178)
	at org.springframework.context.event.SimpleApplicationEventMulticaster.multicastEvent(SimpleApplicationEventMulticaster.java:156)
	at org.springframework.context.event.SimpleApplicationEventMulticaster.multicastEvent(SimpleApplicationEventMulticaster.java:138)
	at org.springframework.boot.context.event.EventPublishingRunListener.multicastInitialEvent(EventPublishingRunListener.java:136)
	at org.springframework.boot.context.event.EventPublishingRunListener.environmentPrepared(EventPublishingRunListener.java:81)
	at org.springframework.boot.SpringApplicationRunListeners.lambda$environmentPrepared$2(SpringApplicationRunListeners.java:64)
	at java.base/java.lang.Iterable.forEach(Iterable.java:75)
	at org.springframework.boot.SpringApplicationRunListeners.doWithListeners(SpringApplicationRunListeners.java:118)
	at org.springframework.boot.SpringApplicationRunListeners.doWithListeners(SpringApplicationRunListeners.java:112)
	at org.springframework.boot.SpringApplicationRunListeners.environmentPrepared(SpringApplicationRunListeners.java:63)
	at org.springframework.boot.SpringApplication.prepareEnvironment(SpringApplication.java:370)
	at org.springframework.boot.SpringApplication.run(SpringApplication.java:330)
	at org.springframework.boot.SpringApplication.run(SpringApplication.java:1363)
	at org.springframework.boot.SpringApplication.run(SpringApplication.java:1352)
	at sv.cuong.store_eat.StoreEatApplication.main(StoreEatApplication.java:9)
Caused by: java.lang.IllegalStateException: Logback configuration error detected: 
ERROR in ch.qos.logback.core.model.processor.ImplicitModelHandler - Could not create component [timeBasedFileNamingAndTriggeringPolicy] of type [ch.qos.logback.core.rolling.SizeAndTimeBasedFNATP] java.lang.ClassNotFoundException: ch.qos.logback.core.rolling.SizeAndTimeBasedFNATP
	at org.springframework.boot.logging.logback.LogbackLoggingSystem.reportConfigurationErrorsIfNecessary(LogbackLoggingSystem.java:284)
	at org.springframework.boot.logging.logback.LogbackLoggingSystem.loadConfiguration(LogbackLoggingSystem.java:262)
	at org.springframework.boot.logging.AbstractLoggingSystem.initializeWithConventions(AbstractLoggingSystem.java:81)
	at org.springframework.boot.logging.AbstractLoggingSystem.initialize(AbstractLoggingSystem.java:61)
	at org.springframework.boot.logging.logback.LogbackLoggingSystem.initialize(LogbackLoggingSystem.java:193)
	at org.springframework.boot.context.logging.LoggingApplicationListener.initializeSystem(LoggingApplicationListener.java:332)
	... 19 common frames omitted
	Suppressed: java.lang.ClassNotFoundException: ch.qos.logback.core.rolling.SizeAndTimeBasedFNATP
		at java.base/jdk.internal.loader.BuiltinClassLoader.loadClass(BuiltinClassLoader.java:641)
		at java.base/jdk.internal.loader.ClassLoaders$AppClassLoader.loadClass(ClassLoaders.java:188)
		at java.base/java.lang.ClassLoader.loadClass(ClassLoader.java:525)
		at ch.qos.logback.core.util.Loader.loadClass(Loader.java:132)
		at ch.qos.logback.core.model.processor.ImplicitModelHandler.doComplex(ImplicitModelHandler.java:134)
		at ch.qos.logback.core.model.processor.ImplicitModelHandler.handle(ImplicitModelHandler.java:94)
		at ch.qos.logback.core.model.processor.DefaultProcessor.secondPhaseTraverse(DefaultProcessor.java:241)
		at ch.qos.logback.core.model.processor.DefaultProcessor.secondPhaseTraverse(DefaultProcessor.java:253)
		at ch.qos.logback.core.model.processor.DefaultProcessor.secondPhaseTraverse(DefaultProcessor.java:253)
		at ch.qos.logback.core.model.processor.DefaultProcessor.secondPhaseTraverse(DefaultProcessor.java:253)
		at ch.qos.logback.core.model.processor.DefaultProcessor.traversalLoop(DefaultProcessor.java:90)
		at ch.qos.logback.core.model.processor.DefaultProcessor.process(DefaultProcessor.java:106)
		at ch.qos.logback.core.joran.GenericXMLConfigurator.processModel(GenericXMLConfigurator.java:222)
		at org.springframework.boot.logging.logback.SpringBootJoranConfigurator.processModel(SpringBootJoranConfigurator.java:133)
		at ch.qos.logback.core.joran.GenericXMLConfigurator.doConfigure(GenericXMLConfigurator.java:178)
		at ch.qos.logback.core.joran.GenericXMLConfigurator.doConfigure(GenericXMLConfigurator.java:123)
		at ch.qos.logback.core.joran.GenericXMLConfigurator.doConfigure(GenericXMLConfigurator.java:66)
		at org.springframework.boot.logging.logback.LogbackLoggingSystem.configureByResourceUrl(LogbackLoggingSystem.java:294)
		at org.springframework.boot.logging.logback.LogbackLoggingSystem.lambda$loadConfiguration$1(LogbackLoggingSystem.java:255)
		at org.springframework.boot.logging.logback.LogbackLoggingSystem.withLoggingSuppressed(LogbackLoggingSystem.java:474)
		at org.springframework.boot.logging.logback.LogbackLoggingSystem.loadConfiguration(LogbackLoggingSystem.java:249)
		... 23 common frames omitted
2024-10-03 18:09:43,139 INFO o.s.b.StartupInfoLogger [main] Starting StoreEatApplication using Java 22.0.1 with PID 26376 (D:\BE\Intel\store_eat\store_eat\target\classes started by admin in D:\BE\Intel\store_eat\store_eat)
2024-10-03 18:09:43,141 INFO o.s.b.SpringApplication [main] No active profile set, falling back to 1 default profile: "default"
2024-10-03 18:09:43,856 INFO o.s.d.r.c.RepositoryConfigurationDelegate [main] Bootstrapping Spring Data JPA repositories in DEFAULT mode.
2024-10-03 18:09:43,940 INFO o.s.d.r.c.RepositoryConfigurationDelegate [main] Finished Spring Data repository scanning in 77 ms. Found 7 JPA repository interfaces.
2024-10-03 18:09:44,450 INFO o.s.b.w.e.t.TomcatWebServer [main] Tomcat initialized with port 8080 (http)
2024-10-03 18:09:44,460 INFO o.a.j.l.DirectJDKLog [main] Initializing ProtocolHandler ["http-nio-8080"]
2024-10-03 18:09:44,463 INFO o.a.j.l.DirectJDKLog [main] Starting service [Tomcat]
2024-10-03 18:09:44,464 INFO o.a.j.l.DirectJDKLog [main] Starting Servlet engine: [Apache Tomcat/10.1.30]
2024-10-03 18:09:44,520 INFO o.a.j.l.DirectJDKLog [main] Initializing Spring embedded WebApplicationContext
2024-10-03 18:09:44,521 INFO o.s.b.w.s.c.ServletWebServerApplicationContext [main] Root WebApplicationContext: initialization completed in 1344 ms
2024-10-03 18:09:44,721 INFO o.h.j.i.u.LogHelper [main] HHH000204: Processing PersistenceUnitInfo [name: default]
2024-10-03 18:09:44,790 INFO o.h.Version [main] HHH000412: Hibernate ORM core version 6.5.3.Final
2024-10-03 18:09:44,827 INFO o.h.c.i.RegionFactoryInitiator [main] HHH000026: Second-level cache disabled
2024-10-03 18:09:45,184 INFO o.s.o.j.p.SpringPersistenceUnitInfo [main] No LoadTimeWeaver setup: ignoring JPA class transformer
2024-10-03 18:09:45,231 INFO c.z.h.HikariDataSource [main] HikariPool-1 - Starting...
2024-10-03 18:09:45,855 INFO c.z.h.p.HikariPool [main] HikariPool-1 - Added connection com.mysql.cj.jdbc.ConnectionImpl@19e801b5
2024-10-03 18:09:45,857 INFO c.z.h.HikariDataSource [main] HikariPool-1 - Start completed.
2024-10-03 18:09:45,941 WARN o.h.e.j.d.i.DialectFactoryImpl [main] HHH90000025: MySQL8Dialect does not need to be specified explicitly using 'hibernate.dialect' (remove the property setting and it will be selected by default)
2024-10-03 18:09:45,941 WARN o.h.e.j.d.i.DialectFactoryImpl [main] HHH90000026: MySQL8Dialect has been deprecated; use org.hibernate.dialect.MySQLDialect instead
2024-10-03 18:09:46,327 WARN o.h.m.RootClass [main] HHH000038: Composite-id class does not override equals(): sv.cuong.store_eat.entity.key.KeyMenuRestaurant
2024-10-03 18:09:46,327 WARN o.h.m.RootClass [main] HHH000039: Composite-id class does not override hashCode(): sv.cuong.store_eat.entity.key.KeyMenuRestaurant
2024-10-03 18:09:46,327 WARN o.h.m.RootClass [main] HHH000038: Composite-id class does not override equals(): sv.cuong.store_eat.entity.key.KeyOdersItem
2024-10-03 18:09:46,327 WARN o.h.m.RootClass [main] HHH000039: Composite-id class does not override hashCode(): sv.cuong.store_eat.entity.key.KeyOdersItem
2024-10-03 18:09:47,069 INFO o.h.e.t.j.p.i.JtaPlatformInitiator [main] HHH000489: No JTA platform available (set 'hibernate.transaction.jta.platform' to enable JTA platform integration)
2024-10-03 18:09:47,244 INFO o.s.o.j.AbstractEntityManagerFactoryBean [main] Initialized JPA EntityManagerFactory for persistence unit 'default'
2024-10-03 18:09:47,590 WARN o.s.b.a.o.j.JpaBaseConfiguration$JpaWebConfiguration [main] spring.jpa.open-in-view is enabled by default. Therefore, database queries may be performed during view rendering. Explicitly configure spring.jpa.open-in-view to disable this warning
2024-10-03 18:09:47,606 INFO o.s.s.c.a.a.c.InitializeUserDetailsBeanManagerConfigurer$InitializeUserDetailsManagerConfigurer [main] Global AuthenticationManager configured with UserDetailsService bean with name customUserDetailService
2024-10-03 18:09:48,046 INFO o.a.j.l.DirectJDKLog [main] Starting ProtocolHandler ["http-nio-8080"]
2024-10-03 18:09:48,063 INFO o.s.b.w.e.t.TomcatWebServer [main] Tomcat started on port 8080 (http) with context path '/'
2024-10-03 18:09:48,068 INFO o.s.b.StartupInfoLogger [main] Started StoreEatApplication in 5.53 seconds (process running for 7.735)
2024-10-03 18:10:09,052 INFO o.s.o.j.AbstractEntityManagerFactoryBean [SpringApplicationShutdownHook] Closing JPA EntityManagerFactory for persistence unit 'default'
2024-10-03 18:10:09,055 INFO c.z.h.HikariDataSource [SpringApplicationShutdownHook] HikariPool-1 - Shutdown initiated...
2024-10-03 18:10:09,069 INFO c.z.h.HikariDataSource [SpringApplicationShutdownHook] HikariPool-1 - Shutdown completed.
2024-10-03 21:30:18,970 INFO o.s.b.StartupInfoLogger [main] Starting StoreEatApplication using Java 22.0.1 with PID 22772 (D:\BE\Intel\store_eat\store_eat\target\classes started by admin in D:\BE\Intel\store_eat\store_eat)
2024-10-03 21:30:18,976 INFO o.s.b.SpringApplication [main] No active profile set, falling back to 1 default profile: "default"
2024-10-03 21:30:19,912 INFO o.s.d.r.c.RepositoryConfigurationDelegate [main] Bootstrapping Spring Data JPA repositories in DEFAULT mode.
2024-10-03 21:30:19,986 INFO o.s.d.r.c.RepositoryConfigurationDelegate [main] Finished Spring Data repository scanning in 65 ms. Found 7 JPA repository interfaces.
2024-10-03 21:30:20,629 INFO o.s.b.w.e.t.TomcatWebServer [main] Tomcat initialized with port 8080 (http)
2024-10-03 21:30:20,646 INFO o.a.j.l.DirectJDKLog [main] Initializing ProtocolHandler ["http-nio-8080"]
2024-10-03 21:30:20,654 INFO o.a.j.l.DirectJDKLog [main] Starting service [Tomcat]
2024-10-03 21:30:20,654 INFO o.a.j.l.DirectJDKLog [main] Starting Servlet engine: [Apache Tomcat/10.1.30]
2024-10-03 21:30:20,719 INFO o.a.j.l.DirectJDKLog [main] Initializing Spring embedded WebApplicationContext
2024-10-03 21:30:20,719 INFO o.s.b.w.s.c.ServletWebServerApplicationContext [main] Root WebApplicationContext: initialization completed in 1668 ms
2024-10-03 21:30:20,891 INFO o.h.j.i.u.LogHelper [main] HHH000204: Processing PersistenceUnitInfo [name: default]
2024-10-03 21:30:20,973 INFO o.h.Version [main] HHH000412: Hibernate ORM core version 6.5.3.Final
2024-10-03 21:30:21,006 INFO o.h.c.i.RegionFactoryInitiator [main] HHH000026: Second-level cache disabled
2024-10-03 21:30:21,367 INFO o.s.o.j.p.SpringPersistenceUnitInfo [main] No LoadTimeWeaver setup: ignoring JPA class transformer
2024-10-03 21:30:21,390 INFO c.z.h.HikariDataSource [main] HikariPool-1 - Starting...
2024-10-03 21:30:21,898 INFO c.z.h.p.HikariPool [main] HikariPool-1 - Added connection com.mysql.cj.jdbc.ConnectionImpl@1b632442
2024-10-03 21:30:21,898 INFO c.z.h.HikariDataSource [main] HikariPool-1 - Start completed.
2024-10-03 21:30:21,954 WARN o.h.e.j.d.i.DialectFactoryImpl [main] HHH90000025: MySQL8Dialect does not need to be specified explicitly using 'hibernate.dialect' (remove the property setting and it will be selected by default)
2024-10-03 21:30:21,954 WARN o.h.e.j.d.i.DialectFactoryImpl [main] HHH90000026: MySQL8Dialect has been deprecated; use org.hibernate.dialect.MySQLDialect instead
2024-10-03 21:30:22,305 WARN o.h.m.RootClass [main] HHH000038: Composite-id class does not override equals(): sv.cuong.store_eat.entity.key.KeyMenuRestaurant
2024-10-03 21:30:22,305 WARN o.h.m.RootClass [main] HHH000039: Composite-id class does not override hashCode(): sv.cuong.store_eat.entity.key.KeyMenuRestaurant
2024-10-03 21:30:22,305 WARN o.h.m.RootClass [main] HHH000038: Composite-id class does not override equals(): sv.cuong.store_eat.entity.key.KeyOdersItem
2024-10-03 21:30:22,305 WARN o.h.m.RootClass [main] HHH000039: Composite-id class does not override hashCode(): sv.cuong.store_eat.entity.key.KeyOdersItem
2024-10-03 21:30:23,207 INFO o.h.e.t.j.p.i.JtaPlatformInitiator [main] HHH000489: No JTA platform available (set 'hibernate.transaction.jta.platform' to enable JTA platform integration)
2024-10-03 21:30:23,472 INFO o.s.o.j.AbstractEntityManagerFactoryBean [main] Initialized JPA EntityManagerFactory for persistence unit 'default'
2024-10-03 21:30:23,860 WARN o.s.b.a.o.j.JpaBaseConfiguration$JpaWebConfiguration [main] spring.jpa.open-in-view is enabled by default. Therefore, database queries may be performed during view rendering. Explicitly configure spring.jpa.open-in-view to disable this warning
2024-10-03 21:30:23,868 INFO o.s.s.c.a.a.c.InitializeUserDetailsBeanManagerConfigurer$InitializeUserDetailsManagerConfigurer [main] Global AuthenticationManager configured with UserDetailsService bean with name customUserDetailService
2024-10-03 21:30:24,402 INFO o.a.j.l.DirectJDKLog [main] Starting ProtocolHandler ["http-nio-8080"]
2024-10-03 21:30:24,434 INFO o.s.b.w.e.t.TomcatWebServer [main] Tomcat started on port 8080 (http) with context path '/'
2024-10-03 21:30:24,439 INFO o.s.b.StartupInfoLogger [main] Started StoreEatApplication in 6.49 seconds (process running for 8.727)
2024-10-03 21:30:26,027 INFO o.a.j.l.DirectJDKLog [http-nio-8080-exec-1] Initializing Spring DispatcherServlet 'dispatcherServlet'
2024-10-03 21:30:26,035 INFO o.s.w.s.FrameworkServlet [http-nio-8080-exec-1] Initializing Servlet 'dispatcherServlet'
2024-10-03 21:30:26,035 INFO o.s.w.s.FrameworkServlet [http-nio-8080-exec-1] Completed initialization in 0 ms
2024-10-03 21:33:36,194 INFO o.s.o.j.AbstractEntityManagerFactoryBean [SpringApplicationShutdownHook] Closing JPA EntityManagerFactory for persistence unit 'default'
2024-10-03 21:33:36,397 INFO c.z.h.HikariDataSource [SpringApplicationShutdownHook] HikariPool-1 - Shutdown initiated...
2024-10-03 21:33:36,608 INFO c.z.h.HikariDataSource [SpringApplicationShutdownHook] HikariPool-1 - Shutdown completed.
2024-10-03 21:34:11,491 INFO o.s.b.StartupInfoLogger [main] Starting StoreEatApplication using Java 22.0.1 with PID 29004 (D:\BE\Intel\store_eat\store_eat\target\classes started by admin in D:\BE\Intel\store_eat\store_eat)
2024-10-03 21:34:11,493 INFO o.s.b.SpringApplication [main] No active profile set, falling back to 1 default profile: "default"
2024-10-03 21:34:12,520 INFO o.s.d.r.c.RepositoryConfigurationDelegate [main] Bootstrapping Spring Data JPA repositories in DEFAULT mode.
2024-10-03 21:34:12,634 INFO o.s.d.r.c.RepositoryConfigurationDelegate [main] Finished Spring Data repository scanning in 101 ms. Found 7 JPA repository interfaces.
2024-10-03 21:34:13,323 INFO o.s.b.w.e.t.TomcatWebServer [main] Tomcat initialized with port 8080 (http)
2024-10-03 21:34:13,337 INFO o.a.j.l.DirectJDKLog [main] Initializing ProtocolHandler ["http-nio-8080"]
2024-10-03 21:34:13,341 INFO o.a.j.l.DirectJDKLog [main] Starting service [Tomcat]
2024-10-03 21:34:13,341 INFO o.a.j.l.DirectJDKLog [main] Starting Servlet engine: [Apache Tomcat/10.1.30]
2024-10-03 21:34:13,406 INFO o.a.j.l.DirectJDKLog [main] Initializing Spring embedded WebApplicationContext
2024-10-03 21:34:13,406 INFO o.s.b.w.s.c.ServletWebServerApplicationContext [main] Root WebApplicationContext: initialization completed in 1862 ms
2024-10-03 21:34:13,627 INFO o.h.j.i.u.LogHelper [main] HHH000204: Processing PersistenceUnitInfo [name: default]
2024-10-03 21:34:13,722 INFO o.h.Version [main] HHH000412: Hibernate ORM core version 6.5.3.Final
2024-10-03 21:34:13,776 INFO o.h.c.i.RegionFactoryInitiator [main] HHH000026: Second-level cache disabled
2024-10-03 21:34:14,171 INFO o.s.o.j.p.SpringPersistenceUnitInfo [main] No LoadTimeWeaver setup: ignoring JPA class transformer
2024-10-03 21:34:14,205 INFO c.z.h.HikariDataSource [main] HikariPool-1 - Starting...
2024-10-03 21:34:14,931 INFO c.z.h.p.HikariPool [main] HikariPool-1 - Added connection com.mysql.cj.jdbc.ConnectionImpl@178dc733
2024-10-03 21:34:14,934 INFO c.z.h.HikariDataSource [main] HikariPool-1 - Start completed.
2024-10-03 21:34:15,154 WARN o.h.e.j.d.i.DialectFactoryImpl [main] HHH90000025: MySQL8Dialect does not need to be specified explicitly using 'hibernate.dialect' (remove the property setting and it will be selected by default)
2024-10-03 21:34:15,155 WARN o.h.e.j.d.i.DialectFactoryImpl [main] HHH90000026: MySQL8Dialect has been deprecated; use org.hibernate.dialect.MySQLDialect instead
2024-10-03 21:34:15,561 WARN o.h.m.RootClass [main] HHH000038: Composite-id class does not override equals(): sv.cuong.store_eat.entity.key.KeyMenuRestaurant
2024-10-03 21:34:15,561 WARN o.h.m.RootClass [main] HHH000039: Composite-id class does not override hashCode(): sv.cuong.store_eat.entity.key.KeyMenuRestaurant
2024-10-03 21:34:15,561 WARN o.h.m.RootClass [main] HHH000038: Composite-id class does not override equals(): sv.cuong.store_eat.entity.key.KeyOdersItem
2024-10-03 21:34:15,562 WARN o.h.m.RootClass [main] HHH000039: Composite-id class does not override hashCode(): sv.cuong.store_eat.entity.key.KeyOdersItem
2024-10-03 21:34:16,260 INFO o.h.e.t.j.p.i.JtaPlatformInitiator [main] HHH000489: No JTA platform available (set 'hibernate.transaction.jta.platform' to enable JTA platform integration)
2024-10-03 21:34:16,489 INFO o.s.o.j.AbstractEntityManagerFactoryBean [main] Initialized JPA EntityManagerFactory for persistence unit 'default'
2024-10-03 21:34:16,918 WARN o.s.b.a.o.j.JpaBaseConfiguration$JpaWebConfiguration [main] spring.jpa.open-in-view is enabled by default. Therefore, database queries may be performed during view rendering. Explicitly configure spring.jpa.open-in-view to disable this warning
2024-10-03 21:34:16,938 INFO o.s.s.c.a.a.c.InitializeUserDetailsBeanManagerConfigurer$InitializeUserDetailsManagerConfigurer [main] Global AuthenticationManager configured with UserDetailsService bean with name customUserDetailService
2024-10-03 21:34:17,485 INFO o.a.j.l.DirectJDKLog [main] Starting ProtocolHandler ["http-nio-8080"]
2024-10-03 21:34:17,506 INFO o.s.b.w.e.t.TomcatWebServer [main] Tomcat started on port 8080 (http) with context path '/'
2024-10-03 21:34:17,511 INFO o.s.b.StartupInfoLogger [main] Started StoreEatApplication in 6.701 seconds (process running for 8.539)
2024-10-03 21:34:29,799 INFO o.a.j.l.DirectJDKLog [http-nio-8080-exec-1] Initializing Spring DispatcherServlet 'dispatcherServlet'
2024-10-03 21:34:29,799 INFO o.s.w.s.FrameworkServlet [http-nio-8080-exec-1] Initializing Servlet 'dispatcherServlet'
2024-10-03 21:34:29,801 INFO o.s.w.s.FrameworkServlet [http-nio-8080-exec-1] Completed initialization in 1 ms
2024-10-03 21:37:16,056 INFO o.s.o.j.AbstractEntityManagerFactoryBean [SpringApplicationShutdownHook] Closing JPA EntityManagerFactory for persistence unit 'default'
2024-10-03 21:37:16,309 INFO c.z.h.HikariDataSource [SpringApplicationShutdownHook] HikariPool-1 - Shutdown initiated...
2024-10-03 21:37:16,538 INFO c.z.h.HikariDataSource [SpringApplicationShutdownHook] HikariPool-1 - Shutdown completed.
2024-10-03 21:41:04,994 INFO o.s.b.StartupInfoLogger [main] Starting StoreEatApplication using Java 22.0.1 with PID 4228 (D:\BE\Intel\store_eat\store_eat\target\classes started by admin in D:\BE\Intel\store_eat\store_eat)
2024-10-03 21:41:04,997 INFO o.s.b.SpringApplication [main] No active profile set, falling back to 1 default profile: "default"
2024-10-03 21:41:05,859 INFO o.s.d.r.c.RepositoryConfigurationDelegate [main] Bootstrapping Spring Data JPA repositories in DEFAULT mode.
2024-10-03 21:41:05,963 INFO o.s.d.r.c.RepositoryConfigurationDelegate [main] Finished Spring Data repository scanning in 90 ms. Found 7 JPA repository interfaces.
2024-10-03 21:41:06,668 INFO o.s.b.w.e.t.TomcatWebServer [main] Tomcat initialized with port 8080 (http)
2024-10-03 21:41:06,682 INFO o.a.j.l.DirectJDKLog [main] Initializing ProtocolHandler ["http-nio-8080"]
2024-10-03 21:41:06,685 INFO o.a.j.l.DirectJDKLog [main] Starting service [Tomcat]
2024-10-03 21:41:06,685 INFO o.a.j.l.DirectJDKLog [main] Starting Servlet engine: [Apache Tomcat/10.1.30]
2024-10-03 21:41:06,751 INFO o.a.j.l.DirectJDKLog [main] Initializing Spring embedded WebApplicationContext
2024-10-03 21:41:06,751 INFO o.s.b.w.s.c.ServletWebServerApplicationContext [main] Root WebApplicationContext: initialization completed in 1708 ms
2024-10-03 21:41:06,967 INFO o.h.j.i.u.LogHelper [main] HHH000204: Processing PersistenceUnitInfo [name: default]
2024-10-03 21:41:07,049 INFO o.h.Version [main] HHH000412: Hibernate ORM core version 6.5.3.Final
2024-10-03 21:41:07,097 INFO o.h.c.i.RegionFactoryInitiator [main] HHH000026: Second-level cache disabled
2024-10-03 21:41:07,444 INFO o.s.o.j.p.SpringPersistenceUnitInfo [main] No LoadTimeWeaver setup: ignoring JPA class transformer
2024-10-03 21:41:07,483 INFO c.z.h.HikariDataSource [main] HikariPool-1 - Starting...
2024-10-03 21:41:08,269 INFO c.z.h.p.HikariPool [main] HikariPool-1 - Added connection com.mysql.cj.jdbc.ConnectionImpl@178dc733
2024-10-03 21:41:08,273 INFO c.z.h.HikariDataSource [main] HikariPool-1 - Start completed.
2024-10-03 21:41:08,450 WARN o.h.e.j.d.i.DialectFactoryImpl [main] HHH90000025: MySQL8Dialect does not need to be specified explicitly using 'hibernate.dialect' (remove the property setting and it will be selected by default)
2024-10-03 21:41:08,451 WARN o.h.e.j.d.i.DialectFactoryImpl [main] HHH90000026: MySQL8Dialect has been deprecated; use org.hibernate.dialect.MySQLDialect instead
2024-10-03 21:41:08,875 WARN o.h.m.RootClass [main] HHH000038: Composite-id class does not override equals(): sv.cuong.store_eat.entity.key.KeyMenuRestaurant
2024-10-03 21:41:08,876 WARN o.h.m.RootClass [main] HHH000039: Composite-id class does not override hashCode(): sv.cuong.store_eat.entity.key.KeyMenuRestaurant
2024-10-03 21:41:08,876 WARN o.h.m.RootClass [main] HHH000038: Composite-id class does not override equals(): sv.cuong.store_eat.entity.key.KeyOdersItem
2024-10-03 21:41:08,876 WARN o.h.m.RootClass [main] HHH000039: Composite-id class does not override hashCode(): sv.cuong.store_eat.entity.key.KeyOdersItem
2024-10-03 21:41:09,768 INFO o.h.e.t.j.p.i.JtaPlatformInitiator [main] HHH000489: No JTA platform available (set 'hibernate.transaction.jta.platform' to enable JTA platform integration)
2024-10-03 21:41:10,174 INFO o.s.o.j.AbstractEntityManagerFactoryBean [main] Initialized JPA EntityManagerFactory for persistence unit 'default'
2024-10-03 21:41:10,761 WARN o.s.b.a.o.j.JpaBaseConfiguration$JpaWebConfiguration [main] spring.jpa.open-in-view is enabled by default. Therefore, database queries may be performed during view rendering. Explicitly configure spring.jpa.open-in-view to disable this warning
2024-10-03 21:41:10,779 INFO o.s.s.c.a.a.c.InitializeUserDetailsBeanManagerConfigurer$InitializeUserDetailsManagerConfigurer [main] Global AuthenticationManager configured with UserDetailsService bean with name customUserDetailService
2024-10-03 21:41:11,457 INFO o.a.j.l.DirectJDKLog [main] Starting ProtocolHandler ["http-nio-8080"]
2024-10-03 21:41:11,478 INFO o.s.b.w.e.t.TomcatWebServer [main] Tomcat started on port 8080 (http) with context path '/'
2024-10-03 21:41:11,485 INFO o.s.b.StartupInfoLogger [main] Started StoreEatApplication in 7.225 seconds (process running for 9.294)
2024-10-03 21:41:16,548 INFO o.a.j.l.DirectJDKLog [http-nio-8080-exec-2] Initializing Spring DispatcherServlet 'dispatcherServlet'
2024-10-03 21:41:16,548 INFO o.s.w.s.FrameworkServlet [http-nio-8080-exec-2] Initializing Servlet 'dispatcherServlet'
2024-10-03 21:41:16,548 INFO o.s.w.s.FrameworkServlet [http-nio-8080-exec-2] Completed initialization in 0 ms
2024-10-03 22:43:24,055 WARN c.z.h.p.HikariPool$HouseKeeper [HikariPool-1 housekeeper] HikariPool-1 - Thread starvation or clock leap detected (housekeeper delta=6m44s900ms6µs500ns).
2024-10-03 22:55:17,224 WARN c.z.h.p.HikariPool$HouseKeeper [HikariPool-1 housekeeper] HikariPool-1 - Thread starvation or clock leap detected (housekeeper delta=1m23s34ms307µs500ns).
2024-10-03 22:58:10,337 INFO o.s.o.j.AbstractEntityManagerFactoryBean [SpringApplicationShutdownHook] Closing JPA EntityManagerFactory for persistence unit 'default'
2024-10-03 22:58:10,485 INFO c.z.h.HikariDataSource [SpringApplicationShutdownHook] HikariPool-1 - Shutdown initiated...
2024-10-03 22:58:10,563 INFO c.z.h.HikariDataSource [SpringApplicationShutdownHook] HikariPool-1 - Shutdown completed.
